The target system is: Generic -  - ARM
The host system is: Linux - 6.12.25+rpt-rpi-2712 - aarch64
Compiling the C compiler identification source file "CMakeCCompilerId.c" succeeded.
Compiler: /usr/bin/arm-none-eabi-gcc 
Build flags: 
Id flags: -c 

The output was:
0


Compilation of the C compiler identification source "CMakeCCompilerId.c" produced "CMakeCCompilerId.o"

The C compiler identification is GNU, found in "/home/wegkamp/development/stm_daq/buildF303/CMakeFiles/3.25.1/CompilerIdC/CMakeCCompilerId.o"

Compiling the CXX compiler identification source file "CMakeCXXCompilerId.cpp" succeeded.
Compiler: /usr/bin/arm-none-eabi-g++ 
Build flags: 
Id flags: -c 

The output was:
0


Compilation of the CXX compiler identification source "CMakeCXXCompilerId.cpp" produced "CMakeCXXCompilerId.o"

The CXX compiler identification is GNU, found in "/home/wegkamp/development/stm_daq/buildF303/CMakeFiles/3.25.1/CompilerIdCXX/CMakeCXXCompilerId.o"

Detecting C compiler ABI info compiled with the following output:
Change Dir: /home/wegkamp/development/stm_daq/buildF303/CMakeFiles/CMakeScratch/TryCompile-0qWEHR

Run Build Command(s):/usr/bin/gmake -f Makefile cmTC_6471b/fast && /usr/bin/gmake  -f CMakeFiles/cmTC_6471b.dir/build.make CMakeFiles/cmTC_6471b.dir/build
gmake[1]: Entering directory '/home/wegkamp/development/stm_daq/buildF303/CMakeFiles/CMakeScratch/TryCompile-0qWEHR'
Building C object CMakeFiles/cmTC_6471b.dir/CMakeCCompilerABI.c.obj
/usr/bin/arm-none-eabi-gcc   -v -o CMakeFiles/cmTC_6471b.dir/CMakeCCompilerABI.c.obj -c /usr/share/cmake-3.25/Modules/CMakeCCompilerABI.c
Using built-in specs.
COLLECT_GCC=/usr/bin/arm-none-eabi-gcc
Target: arm-none-eabi
Configured with: /data/jenkins/workspace/GNU-toolchain/arm-14-2/src/gcc/configure --target=arm-none-eabi --prefix=/data/jenkins/workspace/GNU-toolchain/arm-14-2/build-arm-none-eabi/install --with-gmp=/data/jenkins/workspace/GNU-toolchain/arm-14-2/build-arm-none-eabi/host-tools --with-mpfr=/data/jenkins/workspace/GNU-toolchain/arm-14-2/build-arm-none-eabi/host-tools --with-mpc=/data/jenkins/workspace/GNU-toolchain/arm-14-2/build-arm-none-eabi/host-tools --with-isl=/data/jenkins/workspace/GNU-toolchain/arm-14-2/build-arm-none-eabi/host-tools --disable-shared --disable-nls --disable-threads --disable-tls --enable-checking=release --enable-languages=c,c++,fortran --with-newlib --with-gnu-as --with-headers=yes --with-gnu-ld --with-native-system-header-dir=/include --with-sysroot=/data/jenkins/workspace/GNU-toolchain/arm-14-2/build-arm-none-eabi/install/arm-none-eabi --with-bugurl=https://bugs.linaro.org/ --with-multilib-list=aprofile,rmprofile --with-pkgversion='Arm GNU Toolchain 14.2.Rel1 (Build arm-14.52)'
Thread model: single
Supported LTO compression algorithms: zlib
gcc version 14.2.1 20241119 (Arm GNU Toolchain 14.2.Rel1 (Build arm-14.52)) 
COLLECT_GCC_OPTIONS='-v' '-o' 'CMakeFiles/cmTC_6471b.dir/CMakeCCompilerABI.c.obj' '-c' '-mcpu=arm7tdmi' '-mfloat-abi=soft' '-marm' '-mlibarch=armv4t' '-march=armv4t' '-dumpdir' 'CMakeFiles/cmTC_6471b.dir/'
 /usr/share/arm-gnu-toolchain-14.2.rel1-aarch64-arm-none-eabi/bin/../libexec/gcc/arm-none-eabi/14.2.1/cc1 -quiet -v -iprefix /usr/share/arm-gnu-toolchain-14.2.rel1-aarch64-arm-none-eabi/bin/../lib/gcc/arm-none-eabi/14.2.1/ -isysroot /usr/share/arm-gnu-toolchain-14.2.rel1-aarch64-arm-none-eabi/bin/../arm-none-eabi -D__USES_INITFINI__ /usr/share/cmake-3.25/Modules/CMakeCCompilerABI.c -quiet -dumpdir CMakeFiles/cmTC_6471b.dir/ -dumpbase CMakeCCompilerABI.c.c -dumpbase-ext .c -mcpu=arm7tdmi -mfloat-abi=soft -marm -mlibarch=armv4t -march=armv4t -version -o /tmp/cciAKf4l.s
GNU C17 (Arm GNU Toolchain 14.2.Rel1 (Build arm-14.52)) version 14.2.1 20241119 (arm-none-eabi)
	compiled by GNU C version 7.5.0, GMP version 6.2.1, MPFR version 3.1.6, MPC version 1.0.3, isl version isl-0.15-1-g835ea3a-GMP

GGC heuristics: --param ggc-min-expand=100 --param ggc-min-heapsize=131072
ignoring duplicate directory "/usr/share/arm-gnu-toolchain-14.2.rel1-aarch64-arm-none-eabi/bin/../lib/gcc/../../lib/gcc/arm-none-eabi/14.2.1/include"
ignoring nonexistent directory "/usr/share/arm-gnu-toolchain-14.2.rel1-aarch64-arm-none-eabi/bin/../arm-none-eabi/usr/local/include"
ignoring duplicate directory "/usr/share/arm-gnu-toolchain-14.2.rel1-aarch64-arm-none-eabi/bin/../lib/gcc/../../lib/gcc/arm-none-eabi/14.2.1/include-fixed"
ignoring duplicate directory "/usr/share/arm-gnu-toolchain-14.2.rel1-aarch64-arm-none-eabi/bin/../lib/gcc/../../lib/gcc/arm-none-eabi/14.2.1/../../../../arm-none-eabi/include"
ignoring duplicate directory "/usr/share/arm-gnu-toolchain-14.2.rel1-aarch64-arm-none-eabi/bin/../arm-none-eabi/include"
#include "..." search starts here:
#include <...> search starts here:
 /usr/share/arm-gnu-toolchain-14.2.rel1-aarch64-arm-none-eabi/bin/../lib/gcc/arm-none-eabi/14.2.1/include
 /usr/share/arm-gnu-toolchain-14.2.rel1-aarch64-arm-none-eabi/bin/../lib/gcc/arm-none-eabi/14.2.1/include-fixed
 /usr/share/arm-gnu-toolchain-14.2.rel1-aarch64-arm-none-eabi/bin/../lib/gcc/arm-none-eabi/14.2.1/../../../../arm-none-eabi/include
End of search list.
Compiler executable checksum: 116c32905217ee0d0634145877f208e6
COLLECT_GCC_OPTIONS='-v' '-o' 'CMakeFiles/cmTC_6471b.dir/CMakeCCompilerABI.c.obj' '-c' '-mcpu=arm7tdmi' '-mfloat-abi=soft' '-marm' '-mlibarch=armv4t' '-march=armv4t' '-dumpdir' 'CMakeFiles/cmTC_6471b.dir/'
 /usr/share/arm-gnu-toolchain-14.2.rel1-aarch64-arm-none-eabi/bin/../lib/gcc/arm-none-eabi/14.2.1/../../../../arm-none-eabi/bin/as -v -march=armv4t -mfloat-abi=soft -meabi=5 -o CMakeFiles/cmTC_6471b.dir/CMakeCCompilerABI.c.obj /tmp/cciAKf4l.s
GNU assembler version 2.43.1 (arm-none-eabi) using BFD version (Arm GNU Toolchain 14.2.Rel1 (Build arm-14.52)) 2.43.1.20241119
COMPILER_PATH=/usr/share/arm-gnu-toolchain-14.2.rel1-aarch64-arm-none-eabi/bin/../libexec/gcc/arm-none-eabi/14.2.1/:/usr/share/arm-gnu-toolchain-14.2.rel1-aarch64-arm-none-eabi/bin/../libexec/gcc/:/usr/share/arm-gnu-toolchain-14.2.rel1-aarch64-arm-none-eabi/bin/../lib/gcc/arm-none-eabi/14.2.1/../../../../arm-none-eabi/bin/
LIBRARY_PATH=/usr/share/arm-gnu-toolchain-14.2.rel1-aarch64-arm-none-eabi/bin/../lib/gcc/arm-none-eabi/14.2.1/:/usr/share/arm-gnu-toolchain-14.2.rel1-aarch64-arm-none-eabi/bin/../lib/gcc/:/usr/share/arm-gnu-toolchain-14.2.rel1-aarch64-arm-none-eabi/bin/../lib/gcc/arm-none-eabi/14.2.1/../../../../arm-none-eabi/lib/:/usr/share/arm-gnu-toolchain-14.2.rel1-aarch64-arm-none-eabi/bin/../arm-none-eabi/lib/
COLLECT_GCC_OPTIONS='-v' '-o' 'CMakeFiles/cmTC_6471b.dir/CMakeCCompilerABI.c.obj' '-c' '-mcpu=arm7tdmi' '-mfloat-abi=soft' '-marm' '-mlibarch=armv4t' '-march=armv4t' '-dumpdir' 'CMakeFiles/cmTC_6471b.dir/CMakeCCompilerABI.c.'
Linking C static library libcmTC_6471b.a
/usr/bin/cmake -P CMakeFiles/cmTC_6471b.dir/cmake_clean_target.cmake
/usr/bin/cmake -E cmake_link_script CMakeFiles/cmTC_6471b.dir/link.txt --verbose=1
/usr/bin/arm-none-eabi-ar qc libcmTC_6471b.a CMakeFiles/cmTC_6471b.dir/CMakeCCompilerABI.c.obj
/usr/bin/arm-none-eabi-ranlib libcmTC_6471b.a
gmake[1]: Leaving directory '/home/wegkamp/development/stm_daq/buildF303/CMakeFiles/CMakeScratch/TryCompile-0qWEHR'



Parsed C implicit include dir info from above output: rv=done
  found start of include info
  found start of implicit include info
    add: [/usr/share/arm-gnu-toolchain-14.2.rel1-aarch64-arm-none-eabi/bin/../lib/gcc/arm-none-eabi/14.2.1/include]
    add: [/usr/share/arm-gnu-toolchain-14.2.rel1-aarch64-arm-none-eabi/bin/../lib/gcc/arm-none-eabi/14.2.1/include-fixed]
    add: [/usr/share/arm-gnu-toolchain-14.2.rel1-aarch64-arm-none-eabi/bin/../lib/gcc/arm-none-eabi/14.2.1/../../../../arm-none-eabi/include]
  end of search list found
  collapse include dir [/usr/share/arm-gnu-toolchain-14.2.rel1-aarch64-arm-none-eabi/bin/../lib/gcc/arm-none-eabi/14.2.1/include] ==> [/usr/share/arm-gnu-toolchain-14.2.rel1-aarch64-arm-none-eabi/lib/gcc/arm-none-eabi/14.2.1/include]
  collapse include dir [/usr/share/arm-gnu-toolchain-14.2.rel1-aarch64-arm-none-eabi/bin/../lib/gcc/arm-none-eabi/14.2.1/include-fixed] ==> [/usr/share/arm-gnu-toolchain-14.2.rel1-aarch64-arm-none-eabi/lib/gcc/arm-none-eabi/14.2.1/include-fixed]
  collapse include dir [/usr/share/arm-gnu-toolchain-14.2.rel1-aarch64-arm-none-eabi/bin/../lib/gcc/arm-none-eabi/14.2.1/../../../../arm-none-eabi/include] ==> [/usr/share/arm-gnu-toolchain-14.2.rel1-aarch64-arm-none-eabi/arm-none-eabi/include]
  implicit include dirs: [/usr/share/arm-gnu-toolchain-14.2.rel1-aarch64-arm-none-eabi/lib/gcc/arm-none-eabi/14.2.1/include;/usr/share/arm-gnu-toolchain-14.2.rel1-aarch64-arm-none-eabi/lib/gcc/arm-none-eabi/14.2.1/include-fixed;/usr/share/arm-gnu-toolchain-14.2.rel1-aarch64-arm-none-eabi/arm-none-eabi/include]


Parsed C implicit link information from above output:
  link line regex: [^( *|.*[/\])(arm-none-eabi-ld|CMAKE_LINK_STARTFILE-NOTFOUND|([^/\]+-)?ld|collect2)[^/\]*( |$)]
  ignore line: [Change Dir: /home/wegkamp/development/stm_daq/buildF303/CMakeFiles/CMakeScratch/TryCompile-0qWEHR]
  ignore line: []
  ignore line: [Run Build Command(s):/usr/bin/gmake -f Makefile cmTC_6471b/fast && /usr/bin/gmake  -f CMakeFiles/cmTC_6471b.dir/build.make CMakeFiles/cmTC_6471b.dir/build]
  ignore line: [gmake[1]: Entering directory '/home/wegkamp/development/stm_daq/buildF303/CMakeFiles/CMakeScratch/TryCompile-0qWEHR']
  ignore line: [Building C object CMakeFiles/cmTC_6471b.dir/CMakeCCompilerABI.c.obj]
  ignore line: [/usr/bin/arm-none-eabi-gcc   -v -o CMakeFiles/cmTC_6471b.dir/CMakeCCompilerABI.c.obj -c /usr/share/cmake-3.25/Modules/CMakeCCompilerABI.c]
  ignore line: [Using built-in specs.]
  ignore line: [COLLECT_GCC=/usr/bin/arm-none-eabi-gcc]
  ignore line: [Target: arm-none-eabi]
  ignore line: [Configured with: /data/jenkins/workspace/GNU-toolchain/arm-14-2/src/gcc/configure --target=arm-none-eabi --prefix=/data/jenkins/workspace/GNU-toolchain/arm-14-2/build-arm-none-eabi/install --with-gmp=/data/jenkins/workspace/GNU-toolchain/arm-14-2/build-arm-none-eabi/host-tools --with-mpfr=/data/jenkins/workspace/GNU-toolchain/arm-14-2/build-arm-none-eabi/host-tools --with-mpc=/data/jenkins/workspace/GNU-toolchain/arm-14-2/build-arm-none-eabi/host-tools --with-isl=/data/jenkins/workspace/GNU-toolchain/arm-14-2/build-arm-none-eabi/host-tools --disable-shared --disable-nls --disable-threads --disable-tls --enable-checking=release --enable-languages=c,c++,fortran --with-newlib --with-gnu-as --with-headers=yes --with-gnu-ld --with-native-system-header-dir=/include --with-sysroot=/data/jenkins/workspace/GNU-toolchain/arm-14-2/build-arm-none-eabi/install/arm-none-eabi --with-bugurl=https://bugs.linaro.org/ --with-multilib-list=aprofile,rmprofile --with-pkgversion='Arm GNU Toolchain 14.2.Rel1 (Build arm-14.52)']
  ignore line: [Thread model: single]
  ignore line: [Supported LTO compression algorithms: zlib]
  ignore line: [gcc version 14.2.1 20241119 (Arm GNU Toolchain 14.2.Rel1 (Build arm-14.52)) ]
  ignore line: [COLLECT_GCC_OPTIONS='-v' '-o' 'CMakeFiles/cmTC_6471b.dir/CMakeCCompilerABI.c.obj' '-c' '-mcpu=arm7tdmi' '-mfloat-abi=soft' '-marm' '-mlibarch=armv4t' '-march=armv4t' '-dumpdir' 'CMakeFiles/cmTC_6471b.dir/']
  ignore line: [ /usr/share/arm-gnu-toolchain-14.2.rel1-aarch64-arm-none-eabi/bin/../libexec/gcc/arm-none-eabi/14.2.1/cc1 -quiet -v -iprefix /usr/share/arm-gnu-toolchain-14.2.rel1-aarch64-arm-none-eabi/bin/../lib/gcc/arm-none-eabi/14.2.1/ -isysroot /usr/share/arm-gnu-toolchain-14.2.rel1-aarch64-arm-none-eabi/bin/../arm-none-eabi -D__USES_INITFINI__ /usr/share/cmake-3.25/Modules/CMakeCCompilerABI.c -quiet -dumpdir CMakeFiles/cmTC_6471b.dir/ -dumpbase CMakeCCompilerABI.c.c -dumpbase-ext .c -mcpu=arm7tdmi -mfloat-abi=soft -marm -mlibarch=armv4t -march=armv4t -version -o /tmp/cciAKf4l.s]
  ignore line: [GNU C17 (Arm GNU Toolchain 14.2.Rel1 (Build arm-14.52)) version 14.2.1 20241119 (arm-none-eabi)]
  ignore line: [	compiled by GNU C version 7.5.0  GMP version 6.2.1  MPFR version 3.1.6  MPC version 1.0.3  isl version isl-0.15-1-g835ea3a-GMP]
  ignore line: []
  ignore line: [GGC heuristics: --param ggc-min-expand=100 --param ggc-min-heapsize=131072]
  ignore line: [ignoring duplicate directory "/usr/share/arm-gnu-toolchain-14.2.rel1-aarch64-arm-none-eabi/bin/../lib/gcc/../../lib/gcc/arm-none-eabi/14.2.1/include"]
  ignore line: [ignoring nonexistent directory "/usr/share/arm-gnu-toolchain-14.2.rel1-aarch64-arm-none-eabi/bin/../arm-none-eabi/usr/local/include"]
  ignore line: [ignoring duplicate directory "/usr/share/arm-gnu-toolchain-14.2.rel1-aarch64-arm-none-eabi/bin/../lib/gcc/../../lib/gcc/arm-none-eabi/14.2.1/include-fixed"]
  ignore line: [ignoring duplicate directory "/usr/share/arm-gnu-toolchain-14.2.rel1-aarch64-arm-none-eabi/bin/../lib/gcc/../../lib/gcc/arm-none-eabi/14.2.1/../../../../arm-none-eabi/include"]
  ignore line: [ignoring duplicate directory "/usr/share/arm-gnu-toolchain-14.2.rel1-aarch64-arm-none-eabi/bin/../arm-none-eabi/include"]
  ignore line: [#include "..." search starts here:]
  ignore line: [#include <...> search starts here:]
  ignore line: [ /usr/share/arm-gnu-toolchain-14.2.rel1-aarch64-arm-none-eabi/bin/../lib/gcc/arm-none-eabi/14.2.1/include]
  ignore line: [ /usr/share/arm-gnu-toolchain-14.2.rel1-aarch64-arm-none-eabi/bin/../lib/gcc/arm-none-eabi/14.2.1/include-fixed]
  ignore line: [ /usr/share/arm-gnu-toolchain-14.2.rel1-aarch64-arm-none-eabi/bin/../lib/gcc/arm-none-eabi/14.2.1/../../../../arm-none-eabi/include]
  ignore line: [End of search list.]
  ignore line: [Compiler executable checksum: 116c32905217ee0d0634145877f208e6]
  ignore line: [COLLECT_GCC_OPTIONS='-v' '-o' 'CMakeFiles/cmTC_6471b.dir/CMakeCCompilerABI.c.obj' '-c' '-mcpu=arm7tdmi' '-mfloat-abi=soft' '-marm' '-mlibarch=armv4t' '-march=armv4t' '-dumpdir' 'CMakeFiles/cmTC_6471b.dir/']
  ignore line: [ /usr/share/arm-gnu-toolchain-14.2.rel1-aarch64-arm-none-eabi/bin/../lib/gcc/arm-none-eabi/14.2.1/../../../../arm-none-eabi/bin/as -v -march=armv4t -mfloat-abi=soft -meabi=5 -o CMakeFiles/cmTC_6471b.dir/CMakeCCompilerABI.c.obj /tmp/cciAKf4l.s]
  ignore line: [GNU assembler version 2.43.1 (arm-none-eabi) using BFD version (Arm GNU Toolchain 14.2.Rel1 (Build arm-14.52)) 2.43.1.20241119]
  ignore line: [COMPILER_PATH=/usr/share/arm-gnu-toolchain-14.2.rel1-aarch64-arm-none-eabi/bin/../libexec/gcc/arm-none-eabi/14.2.1/:/usr/share/arm-gnu-toolchain-14.2.rel1-aarch64-arm-none-eabi/bin/../libexec/gcc/:/usr/share/arm-gnu-toolchain-14.2.rel1-aarch64-arm-none-eabi/bin/../lib/gcc/arm-none-eabi/14.2.1/../../../../arm-none-eabi/bin/]
  ignore line: [LIBRARY_PATH=/usr/share/arm-gnu-toolchain-14.2.rel1-aarch64-arm-none-eabi/bin/../lib/gcc/arm-none-eabi/14.2.1/:/usr/share/arm-gnu-toolchain-14.2.rel1-aarch64-arm-none-eabi/bin/../lib/gcc/:/usr/share/arm-gnu-toolchain-14.2.rel1-aarch64-arm-none-eabi/bin/../lib/gcc/arm-none-eabi/14.2.1/../../../../arm-none-eabi/lib/:/usr/share/arm-gnu-toolchain-14.2.rel1-aarch64-arm-none-eabi/bin/../arm-none-eabi/lib/]
  ignore line: [COLLECT_GCC_OPTIONS='-v' '-o' 'CMakeFiles/cmTC_6471b.dir/CMakeCCompilerABI.c.obj' '-c' '-mcpu=arm7tdmi' '-mfloat-abi=soft' '-marm' '-mlibarch=armv4t' '-march=armv4t' '-dumpdir' 'CMakeFiles/cmTC_6471b.dir/CMakeCCompilerABI.c.']
  ignore line: [Linking C static library libcmTC_6471b.a]
  ignore line: [/usr/bin/cmake -P CMakeFiles/cmTC_6471b.dir/cmake_clean_target.cmake]
  ignore line: [/usr/bin/cmake -E cmake_link_script CMakeFiles/cmTC_6471b.dir/link.txt --verbose=1]
  ignore line: [/usr/bin/arm-none-eabi-ar qc libcmTC_6471b.a CMakeFiles/cmTC_6471b.dir/CMakeCCompilerABI.c.obj]
  ignore line: [/usr/bin/arm-none-eabi-ranlib libcmTC_6471b.a]
  ignore line: [gmake[1]: Leaving directory '/home/wegkamp/development/stm_daq/buildF303/CMakeFiles/CMakeScratch/TryCompile-0qWEHR']
  ignore line: []
  ignore line: []
  implicit libs: []
  implicit objs: []
  implicit dirs: []
  implicit fwks: []


Detecting CXX compiler ABI info compiled with the following output:
Change Dir: /home/wegkamp/development/stm_daq/buildF303/CMakeFiles/CMakeScratch/TryCompile-ycTE0V

Run Build Command(s):/usr/bin/gmake -f Makefile cmTC_4779e/fast && /usr/bin/gmake  -f CMakeFiles/cmTC_4779e.dir/build.make CMakeFiles/cmTC_4779e.dir/build
gmake[1]: Entering directory '/home/wegkamp/development/stm_daq/buildF303/CMakeFiles/CMakeScratch/TryCompile-ycTE0V'
Building CXX object CMakeFiles/cmTC_4779e.dir/CMakeCXXCompilerABI.cpp.obj
/usr/bin/arm-none-eabi-g++   -v -o CMakeFiles/cmTC_4779e.dir/CMakeCXXCompilerABI.cpp.obj -c /usr/share/cmake-3.25/Modules/CMakeCXXCompilerABI.cpp
Using built-in specs.
COLLECT_GCC=/usr/bin/arm-none-eabi-g++
Target: arm-none-eabi
Configured with: /data/jenkins/workspace/GNU-toolchain/arm-14-2/src/gcc/configure --target=arm-none-eabi --prefix=/data/jenkins/workspace/GNU-toolchain/arm-14-2/build-arm-none-eabi/install --with-gmp=/data/jenkins/workspace/GNU-toolchain/arm-14-2/build-arm-none-eabi/host-tools --with-mpfr=/data/jenkins/workspace/GNU-toolchain/arm-14-2/build-arm-none-eabi/host-tools --with-mpc=/data/jenkins/workspace/GNU-toolchain/arm-14-2/build-arm-none-eabi/host-tools --with-isl=/data/jenkins/workspace/GNU-toolchain/arm-14-2/build-arm-none-eabi/host-tools --disable-shared --disable-nls --disable-threads --disable-tls --enable-checking=release --enable-languages=c,c++,fortran --with-newlib --with-gnu-as --with-headers=yes --with-gnu-ld --with-native-system-header-dir=/include --with-sysroot=/data/jenkins/workspace/GNU-toolchain/arm-14-2/build-arm-none-eabi/install/arm-none-eabi --with-bugurl=https://bugs.linaro.org/ --with-multilib-list=aprofile,rmprofile --with-pkgversion='Arm GNU Toolchain 14.2.Rel1 (Build arm-14.52)'
Thread model: single
Supported LTO compression algorithms: zlib
gcc version 14.2.1 20241119 (Arm GNU Toolchain 14.2.Rel1 (Build arm-14.52)) 
COLLECT_GCC_OPTIONS='-v' '-o' 'CMakeFiles/cmTC_4779e.dir/CMakeCXXCompilerABI.cpp.obj' '-c' '-mcpu=arm7tdmi' '-mfloat-abi=soft' '-marm' '-mlibarch=armv4t' '-march=armv4t' '-dumpdir' 'CMakeFiles/cmTC_4779e.dir/'
 /usr/share/arm-gnu-toolchain-14.2.rel1-aarch64-arm-none-eabi/bin/../libexec/gcc/arm-none-eabi/14.2.1/cc1plus -quiet -v -iprefix /usr/share/arm-gnu-toolchain-14.2.rel1-aarch64-arm-none-eabi/bin/../lib/gcc/arm-none-eabi/14.2.1/ -isysroot /usr/share/arm-gnu-toolchain-14.2.rel1-aarch64-arm-none-eabi/bin/../arm-none-eabi -D__USES_INITFINI__ /usr/share/cmake-3.25/Modules/CMakeCXXCompilerABI.cpp -quiet -dumpdir CMakeFiles/cmTC_4779e.dir/ -dumpbase CMakeCXXCompilerABI.cpp.cpp -dumpbase-ext .cpp -mcpu=arm7tdmi -mfloat-abi=soft -marm -mlibarch=armv4t -march=armv4t -version -o /tmp/ccpERTMD.s
GNU C++17 (Arm GNU Toolchain 14.2.Rel1 (Build arm-14.52)) version 14.2.1 20241119 (arm-none-eabi)
	compiled by GNU C version 7.5.0, GMP version 6.2.1, MPFR version 3.1.6, MPC version 1.0.3, isl version isl-0.15-1-g835ea3a-GMP

GGC heuristics: --param ggc-min-expand=100 --param ggc-min-heapsize=131072
ignoring duplicate directory "/usr/share/arm-gnu-toolchain-14.2.rel1-aarch64-arm-none-eabi/bin/../lib/gcc/../../lib/gcc/arm-none-eabi/14.2.1/../../../../arm-none-eabi/include/c++/14.2.1"
ignoring duplicate directory "/usr/share/arm-gnu-toolchain-14.2.rel1-aarch64-arm-none-eabi/bin/../lib/gcc/../../lib/gcc/arm-none-eabi/14.2.1/../../../../arm-none-eabi/include/c++/14.2.1/arm-none-eabi"
ignoring duplicate directory "/usr/share/arm-gnu-toolchain-14.2.rel1-aarch64-arm-none-eabi/bin/../lib/gcc/../../lib/gcc/arm-none-eabi/14.2.1/../../../../arm-none-eabi/include/c++/14.2.1/backward"
ignoring duplicate directory "/usr/share/arm-gnu-toolchain-14.2.rel1-aarch64-arm-none-eabi/bin/../lib/gcc/../../lib/gcc/arm-none-eabi/14.2.1/include"
ignoring nonexistent directory "/usr/share/arm-gnu-toolchain-14.2.rel1-aarch64-arm-none-eabi/bin/../arm-none-eabi/usr/local/include"
ignoring duplicate directory "/usr/share/arm-gnu-toolchain-14.2.rel1-aarch64-arm-none-eabi/bin/../lib/gcc/../../lib/gcc/arm-none-eabi/14.2.1/include-fixed"
ignoring duplicate directory "/usr/share/arm-gnu-toolchain-14.2.rel1-aarch64-arm-none-eabi/bin/../lib/gcc/../../lib/gcc/arm-none-eabi/14.2.1/../../../../arm-none-eabi/include"
ignoring duplicate directory "/usr/share/arm-gnu-toolchain-14.2.rel1-aarch64-arm-none-eabi/bin/../arm-none-eabi/include"
#include "..." search starts here:
#include <...> search starts here:
 /usr/share/arm-gnu-toolchain-14.2.rel1-aarch64-arm-none-eabi/bin/../lib/gcc/arm-none-eabi/14.2.1/../../../../arm-none-eabi/include/c++/14.2.1
 /usr/share/arm-gnu-toolchain-14.2.rel1-aarch64-arm-none-eabi/bin/../lib/gcc/arm-none-eabi/14.2.1/../../../../arm-none-eabi/include/c++/14.2.1/arm-none-eabi
 /usr/share/arm-gnu-toolchain-14.2.rel1-aarch64-arm-none-eabi/bin/../lib/gcc/arm-none-eabi/14.2.1/../../../../arm-none-eabi/include/c++/14.2.1/backward
 /usr/share/arm-gnu-toolchain-14.2.rel1-aarch64-arm-none-eabi/bin/../lib/gcc/arm-none-eabi/14.2.1/include
 /usr/share/arm-gnu-toolchain-14.2.rel1-aarch64-arm-none-eabi/bin/../lib/gcc/arm-none-eabi/14.2.1/include-fixed
 /usr/share/arm-gnu-toolchain-14.2.rel1-aarch64-arm-none-eabi/bin/../lib/gcc/arm-none-eabi/14.2.1/../../../../arm-none-eabi/include
End of search list.
Compiler executable checksum: 4b0fc47f4e3c1003c99054fd3d470248
COLLECT_GCC_OPTIONS='-v' '-o' 'CMakeFiles/cmTC_4779e.dir/CMakeCXXCompilerABI.cpp.obj' '-c' '-mcpu=arm7tdmi' '-mfloat-abi=soft' '-marm' '-mlibarch=armv4t' '-march=armv4t' '-dumpdir' 'CMakeFiles/cmTC_4779e.dir/'
 /usr/share/arm-gnu-toolchain-14.2.rel1-aarch64-arm-none-eabi/bin/../lib/gcc/arm-none-eabi/14.2.1/../../../../arm-none-eabi/bin/as -v -march=armv4t -mfloat-abi=soft -meabi=5 -o CMakeFiles/cmTC_4779e.dir/CMakeCXXCompilerABI.cpp.obj /tmp/ccpERTMD.s
GNU assembler version 2.43.1 (arm-none-eabi) using BFD version (Arm GNU Toolchain 14.2.Rel1 (Build arm-14.52)) 2.43.1.20241119
COMPILER_PATH=/usr/share/arm-gnu-toolchain-14.2.rel1-aarch64-arm-none-eabi/bin/../libexec/gcc/arm-none-eabi/14.2.1/:/usr/share/arm-gnu-toolchain-14.2.rel1-aarch64-arm-none-eabi/bin/../libexec/gcc/:/usr/share/arm-gnu-toolchain-14.2.rel1-aarch64-arm-none-eabi/bin/../lib/gcc/arm-none-eabi/14.2.1/../../../../arm-none-eabi/bin/
LIBRARY_PATH=/usr/share/arm-gnu-toolchain-14.2.rel1-aarch64-arm-none-eabi/bin/../lib/gcc/arm-none-eabi/14.2.1/:/usr/share/arm-gnu-toolchain-14.2.rel1-aarch64-arm-none-eabi/bin/../lib/gcc/:/usr/share/arm-gnu-toolchain-14.2.rel1-aarch64-arm-none-eabi/bin/../lib/gcc/arm-none-eabi/14.2.1/../../../../arm-none-eabi/lib/:/usr/share/arm-gnu-toolchain-14.2.rel1-aarch64-arm-none-eabi/bin/../arm-none-eabi/lib/
COLLECT_GCC_OPTIONS='-v' '-o' 'CMakeFiles/cmTC_4779e.dir/CMakeCXXCompilerABI.cpp.obj' '-c' '-mcpu=arm7tdmi' '-mfloat-abi=soft' '-marm' '-mlibarch=armv4t' '-march=armv4t' '-dumpdir' 'CMakeFiles/cmTC_4779e.dir/CMakeCXXCompilerABI.cpp.'
Linking CXX static library libcmTC_4779e.a
/usr/bin/cmake -P CMakeFiles/cmTC_4779e.dir/cmake_clean_target.cmake
/usr/bin/cmake -E cmake_link_script CMakeFiles/cmTC_4779e.dir/link.txt --verbose=1
/usr/bin/arm-none-eabi-ar qc libcmTC_4779e.a CMakeFiles/cmTC_4779e.dir/CMakeCXXCompilerABI.cpp.obj
/usr/bin/arm-none-eabi-ranlib libcmTC_4779e.a
gmake[1]: Leaving directory '/home/wegkamp/development/stm_daq/buildF303/CMakeFiles/CMakeScratch/TryCompile-ycTE0V'



Parsed CXX implicit include dir info from above output: rv=done
  found start of include info
  found start of implicit include info
    add: [/usr/share/arm-gnu-toolchain-14.2.rel1-aarch64-arm-none-eabi/bin/../lib/gcc/arm-none-eabi/14.2.1/../../../../arm-none-eabi/include/c++/14.2.1]
    add: [/usr/share/arm-gnu-toolchain-14.2.rel1-aarch64-arm-none-eabi/bin/../lib/gcc/arm-none-eabi/14.2.1/../../../../arm-none-eabi/include/c++/14.2.1/arm-none-eabi]
    add: [/usr/share/arm-gnu-toolchain-14.2.rel1-aarch64-arm-none-eabi/bin/../lib/gcc/arm-none-eabi/14.2.1/../../../../arm-none-eabi/include/c++/14.2.1/backward]
    add: [/usr/share/arm-gnu-toolchain-14.2.rel1-aarch64-arm-none-eabi/bin/../lib/gcc/arm-none-eabi/14.2.1/include]
    add: [/usr/share/arm-gnu-toolchain-14.2.rel1-aarch64-arm-none-eabi/bin/../lib/gcc/arm-none-eabi/14.2.1/include-fixed]
    add: [/usr/share/arm-gnu-toolchain-14.2.rel1-aarch64-arm-none-eabi/bin/../lib/gcc/arm-none-eabi/14.2.1/../../../../arm-none-eabi/include]
  end of search list found
  collapse include dir [/usr/share/arm-gnu-toolchain-14.2.rel1-aarch64-arm-none-eabi/bin/../lib/gcc/arm-none-eabi/14.2.1/../../../../arm-none-eabi/include/c++/14.2.1] ==> [/usr/share/arm-gnu-toolchain-14.2.rel1-aarch64-arm-none-eabi/arm-none-eabi/include/c++/14.2.1]
  collapse include dir [/usr/share/arm-gnu-toolchain-14.2.rel1-aarch64-arm-none-eabi/bin/../lib/gcc/arm-none-eabi/14.2.1/../../../../arm-none-eabi/include/c++/14.2.1/arm-none-eabi] ==> [/usr/share/arm-gnu-toolchain-14.2.rel1-aarch64-arm-none-eabi/arm-none-eabi/include/c++/14.2.1/arm-none-eabi]
  collapse include dir [/usr/share/arm-gnu-toolchain-14.2.rel1-aarch64-arm-none-eabi/bin/../lib/gcc/arm-none-eabi/14.2.1/../../../../arm-none-eabi/include/c++/14.2.1/backward] ==> [/usr/share/arm-gnu-toolchain-14.2.rel1-aarch64-arm-none-eabi/arm-none-eabi/include/c++/14.2.1/backward]
  collapse include dir [/usr/share/arm-gnu-toolchain-14.2.rel1-aarch64-arm-none-eabi/bin/../lib/gcc/arm-none-eabi/14.2.1/include] ==> [/usr/share/arm-gnu-toolchain-14.2.rel1-aarch64-arm-none-eabi/lib/gcc/arm-none-eabi/14.2.1/include]
  collapse include dir [/usr/share/arm-gnu-toolchain-14.2.rel1-aarch64-arm-none-eabi/bin/../lib/gcc/arm-none-eabi/14.2.1/include-fixed] ==> [/usr/share/arm-gnu-toolchain-14.2.rel1-aarch64-arm-none-eabi/lib/gcc/arm-none-eabi/14.2.1/include-fixed]
  collapse include dir [/usr/share/arm-gnu-toolchain-14.2.rel1-aarch64-arm-none-eabi/bin/../lib/gcc/arm-none-eabi/14.2.1/../../../../arm-none-eabi/include] ==> [/usr/share/arm-gnu-toolchain-14.2.rel1-aarch64-arm-none-eabi/arm-none-eabi/include]
  implicit include dirs: [/usr/share/arm-gnu-toolchain-14.2.rel1-aarch64-arm-none-eabi/arm-none-eabi/include/c++/14.2.1;/usr/share/arm-gnu-toolchain-14.2.rel1-aarch64-arm-none-eabi/arm-none-eabi/include/c++/14.2.1/arm-none-eabi;/usr/share/arm-gnu-toolchain-14.2.rel1-aarch64-arm-none-eabi/arm-none-eabi/include/c++/14.2.1/backward;/usr/share/arm-gnu-toolchain-14.2.rel1-aarch64-arm-none-eabi/lib/gcc/arm-none-eabi/14.2.1/include;/usr/share/arm-gnu-toolchain-14.2.rel1-aarch64-arm-none-eabi/lib/gcc/arm-none-eabi/14.2.1/include-fixed;/usr/share/arm-gnu-toolchain-14.2.rel1-aarch64-arm-none-eabi/arm-none-eabi/include]


Parsed CXX implicit link information from above output:
  link line regex: [^( *|.*[/\])(arm-none-eabi-ld|CMAKE_LINK_STARTFILE-NOTFOUND|([^/\]+-)?ld|collect2)[^/\]*( |$)]
  ignore line: [Change Dir: /home/wegkamp/development/stm_daq/buildF303/CMakeFiles/CMakeScratch/TryCompile-ycTE0V]
  ignore line: []
  ignore line: [Run Build Command(s):/usr/bin/gmake -f Makefile cmTC_4779e/fast && /usr/bin/gmake  -f CMakeFiles/cmTC_4779e.dir/build.make CMakeFiles/cmTC_4779e.dir/build]
  ignore line: [gmake[1]: Entering directory '/home/wegkamp/development/stm_daq/buildF303/CMakeFiles/CMakeScratch/TryCompile-ycTE0V']
  ignore line: [Building CXX object CMakeFiles/cmTC_4779e.dir/CMakeCXXCompilerABI.cpp.obj]
  ignore line: [/usr/bin/arm-none-eabi-g++   -v -o CMakeFiles/cmTC_4779e.dir/CMakeCXXCompilerABI.cpp.obj -c /usr/share/cmake-3.25/Modules/CMakeCXXCompilerABI.cpp]
  ignore line: [Using built-in specs.]
  ignore line: [COLLECT_GCC=/usr/bin/arm-none-eabi-g++]
  ignore line: [Target: arm-none-eabi]
  ignore line: [Configured with: /data/jenkins/workspace/GNU-toolchain/arm-14-2/src/gcc/configure --target=arm-none-eabi --prefix=/data/jenkins/workspace/GNU-toolchain/arm-14-2/build-arm-none-eabi/install --with-gmp=/data/jenkins/workspace/GNU-toolchain/arm-14-2/build-arm-none-eabi/host-tools --with-mpfr=/data/jenkins/workspace/GNU-toolchain/arm-14-2/build-arm-none-eabi/host-tools --with-mpc=/data/jenkins/workspace/GNU-toolchain/arm-14-2/build-arm-none-eabi/host-tools --with-isl=/data/jenkins/workspace/GNU-toolchain/arm-14-2/build-arm-none-eabi/host-tools --disable-shared --disable-nls --disable-threads --disable-tls --enable-checking=release --enable-languages=c,c++,fortran --with-newlib --with-gnu-as --with-headers=yes --with-gnu-ld --with-native-system-header-dir=/include --with-sysroot=/data/jenkins/workspace/GNU-toolchain/arm-14-2/build-arm-none-eabi/install/arm-none-eabi --with-bugurl=https://bugs.linaro.org/ --with-multilib-list=aprofile,rmprofile --with-pkgversion='Arm GNU Toolchain 14.2.Rel1 (Build arm-14.52)']
  ignore line: [Thread model: single]
  ignore line: [Supported LTO compression algorithms: zlib]
  ignore line: [gcc version 14.2.1 20241119 (Arm GNU Toolchain 14.2.Rel1 (Build arm-14.52)) ]
  ignore line: [COLLECT_GCC_OPTIONS='-v' '-o' 'CMakeFiles/cmTC_4779e.dir/CMakeCXXCompilerABI.cpp.obj' '-c' '-mcpu=arm7tdmi' '-mfloat-abi=soft' '-marm' '-mlibarch=armv4t' '-march=armv4t' '-dumpdir' 'CMakeFiles/cmTC_4779e.dir/']
  ignore line: [ /usr/share/arm-gnu-toolchain-14.2.rel1-aarch64-arm-none-eabi/bin/../libexec/gcc/arm-none-eabi/14.2.1/cc1plus -quiet -v -iprefix /usr/share/arm-gnu-toolchain-14.2.rel1-aarch64-arm-none-eabi/bin/../lib/gcc/arm-none-eabi/14.2.1/ -isysroot /usr/share/arm-gnu-toolchain-14.2.rel1-aarch64-arm-none-eabi/bin/../arm-none-eabi -D__USES_INITFINI__ /usr/share/cmake-3.25/Modules/CMakeCXXCompilerABI.cpp -quiet -dumpdir CMakeFiles/cmTC_4779e.dir/ -dumpbase CMakeCXXCompilerABI.cpp.cpp -dumpbase-ext .cpp -mcpu=arm7tdmi -mfloat-abi=soft -marm -mlibarch=armv4t -march=armv4t -version -o /tmp/ccpERTMD.s]
  ignore line: [GNU C++17 (Arm GNU Toolchain 14.2.Rel1 (Build arm-14.52)) version 14.2.1 20241119 (arm-none-eabi)]
  ignore line: [	compiled by GNU C version 7.5.0  GMP version 6.2.1  MPFR version 3.1.6  MPC version 1.0.3  isl version isl-0.15-1-g835ea3a-GMP]
  ignore line: []
  ignore line: [GGC heuristics: --param ggc-min-expand=100 --param ggc-min-heapsize=131072]
  ignore line: [ignoring duplicate directory "/usr/share/arm-gnu-toolchain-14.2.rel1-aarch64-arm-none-eabi/bin/../lib/gcc/../../lib/gcc/arm-none-eabi/14.2.1/../../../../arm-none-eabi/include/c++/14.2.1"]
  ignore line: [ignoring duplicate directory "/usr/share/arm-gnu-toolchain-14.2.rel1-aarch64-arm-none-eabi/bin/../lib/gcc/../../lib/gcc/arm-none-eabi/14.2.1/../../../../arm-none-eabi/include/c++/14.2.1/arm-none-eabi"]
  ignore line: [ignoring duplicate directory "/usr/share/arm-gnu-toolchain-14.2.rel1-aarch64-arm-none-eabi/bin/../lib/gcc/../../lib/gcc/arm-none-eabi/14.2.1/../../../../arm-none-eabi/include/c++/14.2.1/backward"]
  ignore line: [ignoring duplicate directory "/usr/share/arm-gnu-toolchain-14.2.rel1-aarch64-arm-none-eabi/bin/../lib/gcc/../../lib/gcc/arm-none-eabi/14.2.1/include"]
  ignore line: [ignoring nonexistent directory "/usr/share/arm-gnu-toolchain-14.2.rel1-aarch64-arm-none-eabi/bin/../arm-none-eabi/usr/local/include"]
  ignore line: [ignoring duplicate directory "/usr/share/arm-gnu-toolchain-14.2.rel1-aarch64-arm-none-eabi/bin/../lib/gcc/../../lib/gcc/arm-none-eabi/14.2.1/include-fixed"]
  ignore line: [ignoring duplicate directory "/usr/share/arm-gnu-toolchain-14.2.rel1-aarch64-arm-none-eabi/bin/../lib/gcc/../../lib/gcc/arm-none-eabi/14.2.1/../../../../arm-none-eabi/include"]
  ignore line: [ignoring duplicate directory "/usr/share/arm-gnu-toolchain-14.2.rel1-aarch64-arm-none-eabi/bin/../arm-none-eabi/include"]
  ignore line: [#include "..." search starts here:]
  ignore line: [#include <...> search starts here:]
  ignore line: [ /usr/share/arm-gnu-toolchain-14.2.rel1-aarch64-arm-none-eabi/bin/../lib/gcc/arm-none-eabi/14.2.1/../../../../arm-none-eabi/include/c++/14.2.1]
  ignore line: [ /usr/share/arm-gnu-toolchain-14.2.rel1-aarch64-arm-none-eabi/bin/../lib/gcc/arm-none-eabi/14.2.1/../../../../arm-none-eabi/include/c++/14.2.1/arm-none-eabi]
  ignore line: [ /usr/share/arm-gnu-toolchain-14.2.rel1-aarch64-arm-none-eabi/bin/../lib/gcc/arm-none-eabi/14.2.1/../../../../arm-none-eabi/include/c++/14.2.1/backward]
  ignore line: [ /usr/share/arm-gnu-toolchain-14.2.rel1-aarch64-arm-none-eabi/bin/../lib/gcc/arm-none-eabi/14.2.1/include]
  ignore line: [ /usr/share/arm-gnu-toolchain-14.2.rel1-aarch64-arm-none-eabi/bin/../lib/gcc/arm-none-eabi/14.2.1/include-fixed]
  ignore line: [ /usr/share/arm-gnu-toolchain-14.2.rel1-aarch64-arm-none-eabi/bin/../lib/gcc/arm-none-eabi/14.2.1/../../../../arm-none-eabi/include]
  ignore line: [End of search list.]
  ignore line: [Compiler executable checksum: 4b0fc47f4e3c1003c99054fd3d470248]
  ignore line: [COLLECT_GCC_OPTIONS='-v' '-o' 'CMakeFiles/cmTC_4779e.dir/CMakeCXXCompilerABI.cpp.obj' '-c' '-mcpu=arm7tdmi' '-mfloat-abi=soft' '-marm' '-mlibarch=armv4t' '-march=armv4t' '-dumpdir' 'CMakeFiles/cmTC_4779e.dir/']
  ignore line: [ /usr/share/arm-gnu-toolchain-14.2.rel1-aarch64-arm-none-eabi/bin/../lib/gcc/arm-none-eabi/14.2.1/../../../../arm-none-eabi/bin/as -v -march=armv4t -mfloat-abi=soft -meabi=5 -o CMakeFiles/cmTC_4779e.dir/CMakeCXXCompilerABI.cpp.obj /tmp/ccpERTMD.s]
  ignore line: [GNU assembler version 2.43.1 (arm-none-eabi) using BFD version (Arm GNU Toolchain 14.2.Rel1 (Build arm-14.52)) 2.43.1.20241119]
  ignore line: [COMPILER_PATH=/usr/share/arm-gnu-toolchain-14.2.rel1-aarch64-arm-none-eabi/bin/../libexec/gcc/arm-none-eabi/14.2.1/:/usr/share/arm-gnu-toolchain-14.2.rel1-aarch64-arm-none-eabi/bin/../libexec/gcc/:/usr/share/arm-gnu-toolchain-14.2.rel1-aarch64-arm-none-eabi/bin/../lib/gcc/arm-none-eabi/14.2.1/../../../../arm-none-eabi/bin/]
  ignore line: [LIBRARY_PATH=/usr/share/arm-gnu-toolchain-14.2.rel1-aarch64-arm-none-eabi/bin/../lib/gcc/arm-none-eabi/14.2.1/:/usr/share/arm-gnu-toolchain-14.2.rel1-aarch64-arm-none-eabi/bin/../lib/gcc/:/usr/share/arm-gnu-toolchain-14.2.rel1-aarch64-arm-none-eabi/bin/../lib/gcc/arm-none-eabi/14.2.1/../../../../arm-none-eabi/lib/:/usr/share/arm-gnu-toolchain-14.2.rel1-aarch64-arm-none-eabi/bin/../arm-none-eabi/lib/]
  ignore line: [COLLECT_GCC_OPTIONS='-v' '-o' 'CMakeFiles/cmTC_4779e.dir/CMakeCXXCompilerABI.cpp.obj' '-c' '-mcpu=arm7tdmi' '-mfloat-abi=soft' '-marm' '-mlibarch=armv4t' '-march=armv4t' '-dumpdir' 'CMakeFiles/cmTC_4779e.dir/CMakeCXXCompilerABI.cpp.']
  ignore line: [Linking CXX static library libcmTC_4779e.a]
  ignore line: [/usr/bin/cmake -P CMakeFiles/cmTC_4779e.dir/cmake_clean_target.cmake]
  ignore line: [/usr/bin/cmake -E cmake_link_script CMakeFiles/cmTC_4779e.dir/link.txt --verbose=1]
  ignore line: [/usr/bin/arm-none-eabi-ar qc libcmTC_4779e.a CMakeFiles/cmTC_4779e.dir/CMakeCXXCompilerABI.cpp.obj]
  ignore line: [/usr/bin/arm-none-eabi-ranlib libcmTC_4779e.a]
  ignore line: [gmake[1]: Leaving directory '/home/wegkamp/development/stm_daq/buildF303/CMakeFiles/CMakeScratch/TryCompile-ycTE0V']
  ignore line: []
  ignore line: []
  implicit libs: []
  implicit objs: []
  implicit dirs: []
  implicit fwks: []


Checking whether the ASM compiler is GNU using "--version" matched "(GNU assembler)|(GCC)|(Free Software Foundation)":
arm-none-eabi-gcc (Arm GNU Toolchain 14.2.Rel1 (Build arm-14.52)) 14.2.1 20241119
Copyright (C) 2024 Free Software Foundation, Inc.
This is free software; see the source for copying conditions.  There is NO
warranty; not even for MERCHANTABILITY or FITNESS FOR A PARTICULAR PURPOSE.

